<?xml version="1.0" encoding="UTF-8"?>
<!-- Generated by org.testng.reporters.JUnitReportReporter -->
<testsuite skipped="0" hostname="LAPTOP-DP3US6KL" name="test.TestClass" tests="1" failures="0" timestamp="2020-07-27T21:40:40 EDT" time="7.319" errors="0">
  <testcase name="testing" time="7.319" classname="test.TestClass"/>
  <system-out/>
</testsuite> <!-- test.TestClass -->
